<?xml version="1.0" encoding="UTF-8"?>
<testsuite xmlns:xsi="http://www.w3.org/2001/XMLSchema-instance" xsi:noNamespaceSchemaLocation="https://maven.apache.org/surefire/maven-surefire-plugin/xsd/surefire-test-report.xsd" name="com.nab.task.Question3Tests" time="0.02" tests="7" errors="0" skipped="0" failures="0">
  <properties>
[...]
</properties>
  <testcase name="testThatConstructorCanLoadFilesSuccessfully" classname="com.nab.task.Question3Tests" time="0"/>
  <testcase name="testRenderTextMethodForAdv" classname="com.nab.task.Question3Tests" time="0.001"/>
  <testcase name="testRenderTextMethodForBasic" classname="com.nab.task.Question3Tests" time="0.002"/>
  <testcase name="testParseStringForPropertiesMethodForBasic" classname="com.nab.task.Question3Tests" time="0.002"/>
  <testcase name="testGetPropertyMethodForBasic" classname="com.nab.task.Question3Tests" time="0.004"/>
  <testcase name="testParseStringForPropertiesMethodForAdv" classname="com.nab.task.Question3Tests" time="0.002"/>
  <testcase name="testGetPropertyMethodForAdv" classname="com.nab.task.Question3Tests" time="0.002"/>
</testsuite>